* using log directory 'C:/Users/trhenry/Desktop/DevBranch/gimme/gimme.Rcheck'
* using R version 3.1.3 (2015-03-09)
* using platform: x86_64-w64-mingw32 (64-bit)
* using session charset: ISO8859-1
* checking for file 'gimme/DESCRIPTION' ... OK
* this is package 'gimme' version '0.1-3'
* checking package namespace information ... OK
* checking package dependencies ... NOTE
Depends: includes the non-default packages:
  'lavaan' 'qgraph' 'igraph' 'MASS' 'doSNOW' 'foreach' 'parallel'
Adding so many packages to the search path is excessive and importing
selectively is preferable.
* checking if this is a source package ... OK
* checking if there is a namespace ... OK
* checking for executable files ... OK
* checking for hidden files and directories ... OK
* checking for portable file names ... OK
* checking whether package 'gimme' can be installed ... OK
* checking installed package size ... OK
* checking package directory ... OK
* checking DESCRIPTION meta-information ... OK
* checking top-level files ... OK
* checking for left-over files ... OK
* checking index information ... OK
* checking package subdirectories ... OK
* checking R files for non-ASCII characters ... OK
* checking R files for syntax errors ... OK
* checking whether the package can be loaded ... OK
* checking whether the package can be loaded with stated dependencies ... OK
* checking whether the package can be unloaded cleanly ... OK
* checking whether the namespace can be loaded with stated dependencies ... OK
* checking whether the namespace can be unloaded cleanly ... OK
* checking loading without being on the library search path ... OK
* checking dependencies in R code ... OK
* checking S3 generic/method consistency ... OK
* checking replacement functions ... OK
* checking foreign function calls ... OK
* checking R code for possible problems ... NOTE
deconvolve_inputs: no visible global function definition for
  'setDefaultClusterOptions'
deconvolve_inputs: no visible global function definition for
  'makeSOCKcluster'
deconvolve_inputs: no visible binding for global variable 'f'
* checking Rd files ... OK
* checking Rd metadata ... OK
* checking Rd cross-references ... OK
* checking for missing documentation entries ... OK
* checking for code/documentation mismatches ... OK
* checking Rd \usage sections ... OK
* checking Rd contents ... WARNING
Argument items with no description in Rd object 'gimme':
  'deconvolve_hrf' 'control'

* checking for unstated dependencies in examples ... OK
* checking contents of 'data' directory ... OK
* checking data for non-ASCII characters ... OK
* checking data for ASCII and uncompressed saves ... OK
* checking examples ... ERROR
Running examples in 'gimme-Ex.R' failed
The error most likely occurred in:

> ### Name: aggSEM
> ### Title: Group-level structural equation model search.
> ### Aliases: aggSEM
> 
> ### ** Examples
> 
> data(ts1,ts2,ts3,ts4,ts5)
> input.path  <- file.path(tempdir(),"input")
> output.path <- file.path(tempdir(),"output")
> dir.create(input.path)
> dir.create(output.path)
> write.table(ts1,file.path(input.path,"ts1.txt"),col.names=FALSE,row.names=FALSE)
> write.table(ts2,file.path(input.path,"ts2.txt"),col.names=FALSE,row.names=FALSE)
> write.table(ts3,file.path(input.path,"ts3.txt"),col.names=FALSE,row.names=FALSE)
> write.table(ts4,file.path(input.path,"ts4.txt"),col.names=FALSE,row.names=FALSE)
> write.table(ts5,file.path(input.path,"ts5.txt"),col.names=FALSE,row.names=FALSE)
> aggSEM(data   = input.path,
+        sep    = "",
+        header = FALSE,
+        out    = output.path,
+        ar     = TRUE,
+        plot   = TRUE,
+        paths  = NULL)
Error in setup(data = data, sep = sep, header = header, out = out, plot = plot,  : 
  argument "deconvolve_hrf" is missing, with no default
Calls: aggSEM -> setup
Execution halted
